#
# There is insufficient memory for the Java Runtime Environment to continue.
# Native memory allocation (mmap) failed to map 266338304 bytes for G1 virtual space
# Possible reasons:
#   The system is out of physical RAM or swap space
#   The process is running with CompressedOops enabled, and the Java Heap may be blocking the growth of the native heap
# Possible solutions:
#   Reduce memory load on the system
#   Increase physical memory or swap space
#   Check if swap backing store is full
#   Decrease Java heap size (-Xmx/-Xms)
#   Decrease number of Java threads
#   Decrease Java thread stack sizes (-Xss)
#   Set larger code cache with -XX:ReservedCodeCacheSize=
#   JVM is running with Zero Based Compressed Oops mode in which the Java heap is
#     placed in the first 32GB address space. The Java Heap base address is the
#     maximum limit for the native heap growth. Please use -XX:HeapBaseMinAddress
#     to set the Java Heap base and to place the Java Heap above 32GB virtual address.
# This output file may be truncated or incomplete.
#
#  Out of Memory Error (os_windows.cpp:3528), pid=15328, tid=14672
#
# JRE version:  (20.0+36) (build )
# Java VM: OpenJDK 64-Bit Server VM (20+36-2344, mixed mode, sharing, tiered, compressed oops, compressed class ptrs, g1 gc, windows-amd64)
# No core dump will be written. Minidumps are not enabled by default on client versions of Windows
#

---------------  S U M M A R Y ------------

Command Line: --module-path=\path\to\javafx-sdk-18.0.1\lib --add-modules=javafx.controls,javafx.fxml -Dfile.encoding=UTF-8 --module-path=F:\javafx-sdk-20\lib\javafx.base.jar;F:\javafx-sdk-20\lib\javafx.controls.jar;F:\javafx-sdk-20\lib\javafx.fxml.jar;F:\javafx-sdk-20\lib\javafx.graphics.jar;F:\javafx-sdk-20\lib\javafx.media.jar;F:\javafx-sdk-20\lib\javafx.swing.jar;F:\javafx-sdk-20\lib\javafx.web.jar;F:\javafx-sdk-20\lib\javafx-swt.jar -XX:+ShowCodeDetailsInExceptionMessages principal.Main

Host: Intel(R) Core(TM) i5-8400 CPU @ 2.80GHz, 6 cores, 15G,  Windows 11 , 64 bit Build 22000 (10.0.22000.318)
Time: Tue Jun  6 10:31:46 2023 Paris, Madrid (heure duild 22000 (10.0.22000.318) elapsed time: 0.018755 seconds (0d 0h 0m 0s)

---------------  T H R E A D  ---------------

Current thread (0x000001659713b5c0):  JavaThread "Unknown thread" [_thread_in_vm, id=14672, stack(0x00000027ede00000,0x00000027edf00000)]

Stack: [0x00000027ede00000,0x00000027edf00000]
Native frames: (J=compiled Java code, j=interpreted, Vv=VM code, C=native code)
V  [jvm.dll+0x6bb95a]
V  [jvm.dll+0x8483aa]
V  [jvm.dll+0x849fa5]
V  [jvm.dll+0x84a6a3]
V  [jvm.dll+0x280b0f]
V  [jvm.dll+0x6b86e9]
V  [jvm.dll+0x6ad2da]
V  [jvm.dll+0x35adf5]
V  [jvm.dll+0x363016]
V  [jvm.dll+0x3b3b3e]
V  [jvm.dll+0x3b3dc5]
V  [jvm.dll+0x32b50a]
V  [jvm.dll+0x32c32b]
V  [jvm.dll+0x81106f]
V  [jvm.dll+0x3c0d91]
V  [jvm.dll+0x7fcd93]
V  [jvm.dll+0x44c76f]
V  [jvm.dll+0x44e0e1]
C  [jli.dll+0x5287]
C  [ucrtbase.dll+0x26c0c]
C  [KERNEL32.DLL+0x154e0]
C  [ntdll.dll+0x485b]


---------------  P R O C E S S  ---------------

Threads class SMR info:
_java_thread_list=0x00007ffc0f4ea098, length=0, elements={
}

Java Threads: ( => current thread )

Other Threads:
  0x00000165971ad310 WorkerThread "GC Thread#0" [stack: 0x00000027edf00000,0x00000027ee000000] [id=10912]
  0x00000165971be0c0 ConcurrentGCThread "G1 Main Marker" [stack: 0x00000027ee000000,0x00000027ee100000] [id=14560]
  0x00000165971bf290 WorkerThread "G1 Conc#0" [stack: 0x00000027ee100000,0x00000027ee200000] [id=8564]

[error occurred during error reporting (printing all threads), id 0xc0000005, EXCEPTION_ACCESS_VIOLATION (0xc0000005) at pc=0x00007ffc0ecceb47]
VM state: not at safepoint (not fully initialized)

VM Mutex/Monitor currently owned by a thread:  ([mutex/lock_event])
[0x0000016597138cd0] Heap_lock - owner thread: 0x000001659713b5c0

Heap address: 0x0000000703000000, size: 4048 MB, Compressed Oops mode: Zero based, Oop shift amount: 3

CDS archive(s) mapped at: [0x0000000000000000-0x0000000000000000-0x0000000000000000), size 0, SharedBaseAddress: 0x0000000800000000, ArchiveRelocationMode: 0.
Narrow klass base: 0x0000000000000000, Narrow klass shift: 0, Narrow klass range: 0x0

GC Precious Log:
 CardTable entry size: 512
 Card Set container configuration: InlinePtr #cards 4 size 8 Array Of Cards #cards 16 size 48 Howl #buckets 8 coarsen threshold 3686 Howl Bitmap #cards 512 size 80 coarsen threshold 460 Card regions per heap region 1 cards per card region 4096

Heap:
 garbage-first heap   total 0K, used 0K [0x0000000703000000, 0x0000000800000000)
  region size 2048K, 0 young (0K), 0 survivors (0K)

[error occurred during error reporting (printing heap information), id 0xc0000005, EXCEPTION_ACCESS_VIOLATION (0xc0000005) at pc=0x00007ffc0f0a3c59]
GC Heap History (0 events):
No events

Dll operation events (1 events):
Event: 0.005 Loaded shared library F:\jdk-20\bin\java.dll

Deoptimization events (0 events):
No events

Classes loaded (0 events):
No events

Classes unloaded (0 events):
No events

Classes redefined (0 events):
No events

Internal exceptions (0 events):
No events

VM Operations (0 events):
No events

Events (0 events):
No events


Dynamic libraries:
0x00007ff6ff250000 - 0x00007ff6ff25e000 	F:\jdk-20\bin\javaw.exe
0x00007ffc7e920000 - 0x00007ffc7eb27000 	C:\WINDOWS\SYSTEM32\ntdll.dll
0x00007ffc7d390000 - 0x00007ffc7d44d000 	C:\WINDOWS\System32\KERNEL32.DLL
0x00007ffc7c2f0000 - 0x00007ffc7c664000 	C:\WINDOWS\System32\KERNELBASE.dll
0x00007ffc7c060000 - 0x00007ffc7c171000 	C:\WINDOWS\System32\ucrtbase.dll
0x00007ffc6b940000 - 0x00007ffc6b957000 	F:\jdk-20\bin\jli.dll
0x00007ffc6b920000 - 0x00007ffc6b93b000 	F:\jdk-20\bin\VCRUNTIME140.dll
0x00007ffc7d5b0000 - 0x00007ffc7d75c000 	C:\WINDOWS\System32\USER32.dll
0x00007ffc6cef0000 - 0x00007ffc6d195000 	C:\WINDOWS\WinSxS\amd64_microsoft.windows.common-controls_6595b64144ccf1df_6.0.22000.120_none_9d947278b86cc467\COMCTL32.dll
0x00007ffc7cdc0000 - 0x00007ffc7ce63000 	C:\WINDOWS\System32\msvcrt.dll
0x00007ffc7c780000 - 0x00007ffc7c7a6000 	C:\WINDOWS\System32\win32u.dll
0x00007ffc7c7b0000 - 0x00007ffc7c7d9000 	C:\WINDOWS\System32\GDI32.dll
0x00007ffc7bec0000 - 0x00007ffc7bfd2000 	C:\WINDOWS\System32\gdi32full.dll
0x00007ffc7c670000 - 0x00007ffc7c70d000 	C:\WINDOWS\System32\msvcp_win.dll
0x00007ffc7d2e0000 - 0x00007ffc7d311000 	C:\WINDOWS\System32\IMM32.DLL
0x00007ffc6bbb0000 - 0x00007ffc6bbbc000 	F:\jdk-20\bin\vcruntime140_1.dll
0x00007ffc55520000 - 0x00007ffc555ae000 	F:\jdk-20\bin\msvcp140.dll
0x00007ffc0e990000 - 0x00007ffc0f627000 	F:\jdk-20\bin\server\jvm.dll
0x00007ffc7d500000 - 0x00007ffc7d5ac000 	C:\WINDOWS\System32\ADVAPI32.dll
0x00007ffc7d460000 - 0x00007ffc7d4fd000 	C:\WINDOWS\System32\sechost.dll
0x00007ffc7ce70000 - 0x00007ffc7cf91000 	C:\WINDOWS\System32\RPCRT4.dll
0x00007ffc71670000 - 0x00007ffc71679000 	C:\WINDOWS\SYSTEM32\WSOCK32.dll
0x00007ffc75eb0000 - 0x00007ffc75ee3000 	C:\WINDOWS\SYSTEM32\WINMM.dll
0x00007ffc76270000 - 0x00007ffc7627a000 	C:\WINDOWS\SYSTEM32\VERSION.dll
0x00007ffc7d1a0000 - 0x00007ffc7d20f000 	C:\WINDOWS\System32\WS2_32.dll
0x00007ffc7aee0000 - 0x00007ffc7aef8000 	C:\WINDOWS\SYSTEM32\kernel.appcore.dll
0x00007ffc77910000 - 0x00007ffc7791a000 	F:\jdk-20\bin\jimage.dll
0x00007ffc69ea0000 - 0x00007ffc6a0c1000 	C:\WINDOWS\SYSTEM32\DBGHELP.DLL
0x00007ffc69db0000 - 0x00007ffc69de1000 	C:\WINDOWS\SYSTEM32\dbgcore.DLL
0x00007ffc7bfe0000 - 0x00007ffc7c05f000 	C:\WINDOWS\System32\bcryptPrimitives.dll
0x00007ffc50ad0000 - 0x00007ffc50af6000 	F:\jdk-20\bin\java.dll

dbghelp: loaded successfully - version: 4.0.5 - missing functions: none
symbol engine: initialized successfully - sym options: 0x614 - pdb path: .;F:\jdk-20\bin;C:\WINDOWS\SYSTEM32;C:\WINDOWS\WinSxS\amd64_microsoft.windows.common-controls_6595b64144ccf1df_6.0.22000.120_none_9d947278b86cc467;F:\jdk-20\bin\server

VM Arguments:
jvm_args: --module-path=\path\to\javafx-sdk-18.0.1\lib --add-modules=javafx.controls,javafx.fxml -Dfile.encoding=UTF-8 --module-path=F:\javafx-sdk-20\lib\javafx.base.jar;F:\javafx-sdk-20\lib\javafx.controls.jar;F:\javafx-sdk-20\lib\javafx.fxml.jar;F:\javafx-sdk-20\lib\javafx.graphics.jar;F:\javafx-sdk-20\lib\javafx.media.jar;F:\javafx-sdk-20\lib\javafx.swing.jar;F:\javafx-sdk-20\lib\javafx.web.jar;F:\javafx-sdk-20\lib\javafx-swt.jar -XX:+ShowCodeDetailsInExceptionMessages 
java_command: principal.Main
java_class_path (initial): F:\git\SaeOthello\bin;F:\eclipse-jee-2023-03-R-win32-x86_64\plugins\junit-jupiter-api_5.9.2.jar;F:\eclipse-jee-2023-03-R-win32-x86_64\plugins\junit-jupiter-engine_5.9.2.jar;F:\eclipse-jee-2023-03-R-win32-x86_64\plugins\junit-jupiter-migrationsupport_5.9.2.jar;F:\eclipse-jee-2023-03-R-win32-x86_64\plugins\junit-jupiter-params_5.9.2.jar;F:\eclipse-jee-2023-03-R-win32-x86_64\plugins\junit-platform-commons_1.9.2.jar;F:\eclipse-jee-2023-03-R-win32-x86_64\plugins\junit-platform-engine_1.9.2.jar;F:\eclipse-jee-2023-03-R-win32-x86_64\plugins\junit-platform-launcher_1.9.2.jar;F:\eclipse-jee-2023-03-R-win32-x86_64\plugins\junit-platform-runner_1.9.2.jar;F:\eclipse-jee-2023-03-R-win32-x86_64\plugins\junit-platform-suite-api_1.9.2.jar;F:\eclipse-jee-2023-03-R-win32-x86_64\plugins\junit-platform-suite-engine_1.9.2.jar;F:\eclipse-jee-2023-03-R-win32-x86_64\plugins\junit-platform-suite-commons_1.9.2.jar;F:\eclipse-jee-2023-03-R-win32-x86_64\plugins\junit-vintage-engine_5.9.2.jar;F:\eclipse-jee-2023-03-R-win32-x86_64\plugins\org.opentest4j_1.2.0.jar;F:\eclipse-jee-2023-03-R-win32-x86_64\plugins\org.apiguardian.api_1.1.2.jar;F:\eclipse-jee-2023-03-R-win32-x86_64\plugins\org.junit_4.13.2.v20211018-1956.jar;F:\eclipse-jee-2023-03-R-win32-x86_64\plugins\org.hamcrest.core_1.3.0.v20180420-1519.jar
Launcher Type: SUN_STANDARD

[Global flags]
     intx CICompilerCount                          = 3                                         {product} {ergonomic}
     uint ConcGCThreads                            = 2                                         {product} {ergonomic}
     uint G1ConcRefinementThreads                  = 6                                         {product} {ergonomic}
   size_t G1HeapRegionSize                         = 2097152                                   {product} {ergonomic}
    uintx GCDrainStackTargetSize                   = 64                                        {product} {ergonomic}
   size_t InitialHeapSize                          = 266338304                                 {product} {ergonomic}
   size_t MarkStackSize                            = 4194304                                   {product} {ergonomic}
   size_t MaxHeapSize                              = 4244635648                                {product} {ergonomic}
   size_t MinHeapDeltaBytes                        = 2097152                                   {product} {ergonomic}
   size_t MinHeapSize                              = 8388608                                   {product} {ergonomic}
    uintx NonNMethodCodeHeapSize                   = 5832780                                {pd product} {ergonomic}
    uintx NonProfiledCodeHeapSize                  = 122912730                              {pd product} {ergonomic}
    uintx ProfiledCodeHeapSize                     = 122912730                              {pd product} {ergonomic}
    uintx ReservedCodeCacheSize                    = 251658240                              {pd product} {ergonomic}
     bool SegmentedCodeCache                       = true                                      {product} {ergonomic}
     bool ShowCodeDetailsInExceptionMessages       = true                                   {manageable} {command line}
   size_t SoftMaxHeapSize                          = 4244635648                             {manageable} {ergonomic}
     bool UseCompressedClassPointers               = true                           {product lp64_product} {ergonomic}
     bool UseCompressedOops                        = true                           {product lp64_product} {ergonomic}
     bool UseG1GC                                  = true                                      {product} {ergonomic}
     bool UseLargePagesIndividualAllocation        = false                                  {pd product} {ergonomic}

Logging:
Log output configuration:
 #0: stdout all=warning uptime,level,tags foldmultilines=false
 #1: stderr all=off uptime,level,tags foldmultilines=false

Environment Variables:
PATH=F:/eclipse-jee-2023-03-R-win32-x86_64//../jdk-20/bin/server;F:/eclipse-jee-2023-03-R-win32-x86_64//../jdk-20/bin;C:\Program Files\Java\jdk-17.0.5\bin;C:\Program Files\Common Files\Oracle\Java\javapath;C:watcom-1.3\binnt;C:watcom-1.3\binw;C:\WINDOWS\system32;C:\WINDOWS;C:\WINDOWS\System32\Wbem;C:\WINDOWS\System32\WindowsPowerShell\v1.0\;C:\WINDOWS\System32\OpenSSH\;C:\Program Files (x86)\wapt;C:\Program Files\dotnet\;c:\Program Files\PuTTY\;c:\Program Files\nodejs\;C:\Program Files\Git\cmd;C:\Program Files\Microsoft SQL Server\130\Tools\Binn\;C:\Program Files\Microsoft VS Code\bin;C:\Users\benjamin.nicol\AppData\Local\Programs\Python\Launcher\;C:\Users\benjamin.nicol\AppData\Local\Microsoft\WindowsApps;;F:\eclipse-jee-2023-03-R-win32-x86_64;
USERNAME=benjamin.nicol
OS=Windows_NT
PROCESSOR_IDENTIFIER=Intel64 Family 6 Model 158 Stepping 10, GenuineIntel
TMP=C:\Users\BENJAM~1.NIC\AppData\Local\Temp
TEMP=C:\Users\BENJAM~1.NIC\AppData\Local\Temp




---------------  S Y S T E M  ---------------

OS:
 Windows 11 , 64 bit Build 22000 (10.0.22000.318)
OS uptime: 0 days 4:07 hours
Hyper-V role detected

CPU: total 6 (initial active 6) (6 cores per cpu, 1 threads per core) family 6 model 158 stepping 10 microcode 0xde, cx8, cmov, fxsr, mmx, 3dnowpref, sse, sse2, sse3, ssse3, sse4.1, sse4.2, popcnt, lzcnt, tsc, tscinvbit, avx, avx2, aes, erms, clmul, bmi1, bmi2, adx, fma, vzeroupper, clflush, clflushopt, hv, rdtscp, f16c

Memory: 4k page, system-wide physical 16187M (9277M free)
TotalPageFile size 18235M (AvailPageFile size 189M)
current process WorkingSet (physical memory assigned to process): 10M, peak: 10M
current process commit charge ("private bytes"): 56M, peak: 310M

vm_info: OpenJDK 64-Bit Server VM (20+36-2344) for windows-amd64 JRE (20+36-2344), built on 2023-02-10T19:30:15Z by "mach5one" with MS VC++ 17.1 (VS2022)

END.
